<?xml version="1.0" encoding="UTF-8"?>
<!-- Generated by org.testng.reporters.JUnitXMLReporter -->
<testsuite ignored="0" hostname="Sonoo" failures="0" tests="11" name="Surefire test" time="18.195" errors="0" timestamp="2026-05-18T00:40:41 IST">
  <testcase classname="api.test.PetTest" name="testCreatePet" time="2.773"/>
  <testcase classname="api.test.PetTest" name="testGetPet" time="1.189"/>
  <testcase classname="api.test.PetTest" name="testUpdatePet" time="2.789"/>
  <testcase classname="api.test.PetTest" name="testDeletePet" time="1.273"/>
  <testcase classname="api.test.StoreTest" name="testCreateStore" time="1.261"/>
  <testcase classname="api.test.StoreTest" name="testGetStore" time="1.18"/>
  <testcase classname="api.test.StoreTest" name="testDeleteStore" time="1.173"/>
  <testcase classname="api.test.UserTest" name="testPostUser" time="1.26"/>
  <testcase classname="api.test.UserTest" name="testGetUser" time="1.135"/>
  <testcase classname="api.test.UserTest" name="testUpdateUser" time="2.39"/>
  <testcase classname="api.test.UserTest" name="testDeleteUser" time="1.584"/>
</testsuite> <!-- Surefire test -->
