<?xml version="1.0" encoding="UTF-8"?>
<!-- Generated by org.testng.reporters.JUnitXMLReporter -->
<testsuite ignored="0" hostname="Sonoo" failures="0" tests="3" name="Default test" time="5.628" errors="0" timestamp="2026-05-17T22:56:04 IST">
  <testcase classname="api.test.StoreTest" name="testCreateStore" time="2.99"/>
  <testcase classname="api.test.StoreTest" name="testGetStore" time="1.372"/>
  <testcase classname="api.test.StoreTest" name="testDeleteStore" time="1.185"/>
</testsuite> <!-- Default test -->
