<?xml version="1.0" encoding="UTF-8"?>
<!-- Generated by org.testng.reporters.JUnitXMLReporter -->
<testsuite ignored="0" hostname="Sonoo" failures="0" tests="11" name="Test" time="18.746" errors="0" timestamp="2026-05-18T00:18:54 IST">
  <testcase classname="api.test.UserTest" name="testPostUser" time="3.002"/>
  <testcase classname="api.test.UserTest" name="testGetUser" time="1.264"/>
  <testcase classname="api.test.UserTest" name="testUpdateUser" time="2.373"/>
  <testcase classname="api.test.UserTest" name="testDeleteUser" time="1.136"/>
  <testcase classname="api.test.StoreTest" name="testCreateStore" time="1.128"/>
  <testcase classname="api.test.StoreTest" name="testGetStore" time="1.193"/>
  <testcase classname="api.test.StoreTest" name="testDeleteStore" time="1.219"/>
  <testcase classname="api.test.PetTest" name="testCreatePet" time="1.176"/>
  <testcase classname="api.test.PetTest" name="testGetPet" time="1.824"/>
  <testcase classname="api.test.PetTest" name="testUpdatePet" time="2.766"/>
  <testcase classname="api.test.PetTest" name="testDeletePet" time="1.245"/>
</testsuite> <!-- Test -->
