<?xml version="1.0" encoding="UTF-8"?>
<!-- Generated by org.testng.reporters.JUnitXMLReporter -->
<testsuite ignored="0" hostname="Sonoo" failures="0" tests="11" name="Test" time="18.133" errors="0" timestamp="2026-05-18T00:44:20 IST">
  <testcase classname="api.test.UserTest" name="testPostUser" time="3.05"/>
  <testcase classname="api.test.UserTest" name="testGetUser" time="1.248"/>
  <testcase classname="api.test.UserTest" name="testUpdateUser" time="2.387"/>
  <testcase classname="api.test.UserTest" name="testDeleteUser" time="1.243"/>
  <testcase classname="api.test.StoreTest" name="testCreateStore" time="1.123"/>
  <testcase classname="api.test.StoreTest" name="testGetStore" time="1.187"/>
  <testcase classname="api.test.StoreTest" name="testDeleteStore" time="1.267"/>
  <testcase classname="api.test.PetTest" name="testCreatePet" time="1.24"/>
  <testcase classname="api.test.PetTest" name="testGetPet" time="1.168"/>
  <testcase classname="api.test.PetTest" name="testUpdatePet" time="2.723"/>
  <testcase classname="api.test.PetTest" name="testDeletePet" time="1.167"/>
</testsuite> <!-- Test -->
