<?xml version="1.0" encoding="UTF-8"?>
<testsuite xmlns:xsi="http://www.w3.org/2001/XMLSchema-instance" xsi:noNamespaceSchemaLocation="https://maven.apache.org/surefire/maven-surefire-plugin/xsd/surefire-test-report.xsd" version="3.0.2" name="TestSuite" time="19.569" tests="11" errors="0" skipped="0" failures="0">
  <properties>
[...]
</properties>
  <testcase name="testPostUser" classname="api.test.UserTest" time="3.053">
    <system-out><![CDATA[DEBUG StatusConsoleListener Apache Log4j Core 2.22 initializing configuration XmlConfiguration[location=M:\API-Automation-Framework\target\test-classes\log4j2.xml]
DEBUG StatusConsoleListener PluginManager 'Core' found 131 plugins
DEBUG StatusConsoleListener PluginManager 'Level' found 0 plugins
DEBUG StatusConsoleListener Building Plugin[name=property, class=org.apache.logging.log4j.core.config.Property].
DEBUG StatusConsoleListener PluginManager 'TypeConverter' found 26 plugins
DEBUG StatusConsoleListener createProperty(name="basePath", value="logs", Configuration(M:\API-Automation-Framework\target\test-classes\log4j2.xml))
DEBUG StatusConsoleListener Building Plugin[name=properties, class=org.apache.logging.log4j.core.config.PropertiesPlugin].
DEBUG StatusConsoleListener configureSubstitutor(={basePath=logs}, Configuration(M:\API-Automation-Framework\target\test-classes\log4j2.xml))
DEBUG StatusConsoleListener PluginManager 'Lookup' found 16 plugins
DEBUG StatusConsoleListener Building Plugin[name=layout, class=org.apache.logging.log4j.core.layout.PatternLayout].
DEBUG StatusConsoleListener PatternLayout$Builder(pattern="%d{HH:mm:ss.SSS} [%t] %-5level %logger{36} - %msg%n", PatternSelector=null, Configuration(M:\API-Automation-Framework\target\test-classes\log4j2.xml), Replace=null, charset="null", alwaysWriteExceptions="null", disableAnsi="null", noConsoleNoAnsi="null", header="null", footer="null")
DEBUG StatusConsoleListener PluginManager 'Converter' found 45 plugins
DEBUG StatusConsoleListener Building Plugin[name=appender, class=org.apache.logging.log4j.core.appender.ConsoleAppender].
DEBUG StatusConsoleListener ConsoleAppender$Builder(target="SYSTEM_OUT", follow="null", direct="null", bufferedIo="null", bufferSize="null", immediateFlush="null", ignoreExceptions="null", PatternLayout(%d{HH:mm:ss.SSS} [%t] %-5level %logger{36} - %msg%n), name="Console", Configuration(M:\API-Automation-Framework\target\test-classes\log4j2.xml), Filter=null, ={})
DEBUG StatusConsoleListener Starting OutputStreamManager SYSTEM_OUT.false.false
DEBUG StatusConsoleListener Building Plugin[name=layout, class=org.apache.logging.log4j.core.layout.PatternLayout].
DEBUG StatusConsoleListener PatternLayout$Builder(pattern="%d{HH:mm:ss.SSS} [%t] %-5level %logger{36} - %msg%n", PatternSelector=null, Configuration(M:\API-Automation-Framework\target\test-classes\log4j2.xml), Replace=null, charset="null", alwaysWriteExceptions="null", disableAnsi="null", noConsoleNoAnsi="null", header="null", footer="null")
DEBUG StatusConsoleListener Building Plugin[name=SizeBasedTriggeringPolicy, class=org.apache.logging.log4j.core.appender.rolling.SizeBasedTriggeringPolicy].
DEBUG StatusConsoleListener createPolicy(size="10 MB")
DEBUG StatusConsoleListener Building Plugin[name=Policies, class=org.apache.logging.log4j.core.appender.rolling.CompositeTriggeringPolicy].
DEBUG StatusConsoleListener createPolicy(={SizeBasedTriggeringPolicy(size=10485760)})
DEBUG StatusConsoleListener Building Plugin[name=appender, class=org.apache.logging.log4j.core.appender.RollingFileAppender].
DEBUG StatusConsoleListener RollingFileAppender$Builder(fileName="logs/automation.log", filePattern="logs/automation-%d{yyyy-MM-dd}.log", append="null", locking="null", Policies(CompositeTriggeringPolicy(policies=[SizeBasedTriggeringPolicy(size=10485760)])), Strategy=null, advertise="null", advertiseUri="null", createOnDemand="null", filePermissions="null", fileOwner="null", fileGroup="null", bufferedIo="null", bufferSize="null", immediateFlush="null", ignoreExceptions="null", PatternLayout(%d{HH:mm:ss.SSS} [%t] %-5level %logger{36} - %msg%n), name="File", Configuration(M:\API-Automation-Framework\target\test-classes\log4j2.xml), Filter=null, ={})
DEBUG StatusConsoleListener Returning file creation time for M:\API-Automation-Framework\logs\automation.log
DEBUG StatusConsoleListener Starting RollingFileManager logs/automation.log
DEBUG StatusConsoleListener PluginManager 'FileConverter' found 2 plugins
DEBUG StatusConsoleListener Setting prev file time to 2026-05-18T00:39:45.080+0530
DEBUG StatusConsoleListener Initializing triggering policy CompositeTriggeringPolicy(policies=[SizeBasedTriggeringPolicy(size=10485760)])
DEBUG StatusConsoleListener Initializing triggering policy SizeBasedTriggeringPolicy(size=10485760)
DEBUG StatusConsoleListener Building Plugin[name=appenders, class=org.apache.logging.log4j.core.config.AppendersPlugin].
DEBUG StatusConsoleListener createAppenders(={Console, File})
DEBUG StatusConsoleListener Building Plugin[name=AppenderRef, class=org.apache.logging.log4j.core.config.AppenderRef].
DEBUG StatusConsoleListener createAppenderRef(ref="Console", level="null", Filter=null)
DEBUG StatusConsoleListener Building Plugin[name=AppenderRef, class=org.apache.logging.log4j.core.config.AppenderRef].
DEBUG StatusConsoleListener createAppenderRef(ref="File", level="null", Filter=null)
DEBUG StatusConsoleListener Building Plugin[name=root, class=org.apache.logging.log4j.core.config.LoggerConfig$RootLogger].
DEBUG StatusConsoleListener LoggerConfig$RootLogger$Builder(additivity="null", level="DEBUG", levelAndRefs="null", includeLocation="null", ={Console, File}, ={}, Configuration(M:\API-Automation-Framework\target\test-classes\log4j2.xml), Filter=null)
DEBUG StatusConsoleListener Building Plugin[name=loggers, class=org.apache.logging.log4j.core.config.LoggersPlugin].
DEBUG StatusConsoleListener createLoggers(={root})
DEBUG StatusConsoleListener Configuration XmlConfiguration[location=M:\API-Automation-Framework\target\test-classes\log4j2.xml] initialized
DEBUG StatusConsoleListener Starting configuration XmlConfiguration[location=M:\API-Automation-Framework\target\test-classes\log4j2.xml]
DEBUG StatusConsoleListener Started configuration XmlConfiguration[location=M:\API-Automation-Framework\target\test-classes\log4j2.xml] OK.
DEBUG StatusConsoleListener Shutting down OutputStreamManager SYSTEM_OUT.false.false-1
DEBUG StatusConsoleListener OutputStream closed
DEBUG StatusConsoleListener Shut down OutputStreamManager SYSTEM_OUT.false.false-1, all resources released: true
DEBUG StatusConsoleListener Appender DefaultConsole-1 stopped with status true
DEBUG StatusConsoleListener Stopped org.apache.logging.log4j.core.config.DefaultConfiguration@1349883 OK
DEBUG StatusConsoleListener Registering MBean org.apache.logging.log4j2:type=5c647e05
DEBUG StatusConsoleListener Registering MBean org.apache.logging.log4j2:type=5c647e05,component=StatusLogger
DEBUG StatusConsoleListener Registering MBean org.apache.logging.log4j2:type=5c647e05,component=ContextSelector
DEBUG StatusConsoleListener Registering MBean org.apache.logging.log4j2:type=5c647e05,component=Loggers,name=
DEBUG StatusConsoleListener Registering MBean org.apache.logging.log4j2:type=5c647e05,component=Appenders,name=Console
DEBUG StatusConsoleListener Registering MBean org.apache.logging.log4j2:type=5c647e05,component=Appenders,name=File
DEBUG StatusConsoleListener org.apache.logging.log4j.core.util.SystemClock supports precise timestamps.
DEBUG StatusConsoleListener Reconfiguration complete for context[name=5c647e05] at URI M:\API-Automation-Framework\target\test-classes\log4j2.xml (org.apache.logging.log4j.core.LoggerContext@13518f37) with optional ClassLoader: null
DEBUG StatusConsoleListener Shutdown hook enabled. Registering a new one.
DEBUG StatusConsoleListener LoggerContext[name=5c647e05, org.apache.logging.log4j.core.LoggerContext@13518f37] started OK.
00:44:02.248 [main] INFO  api.test.UserTest - ************* Creating User *****************
00:44:05.291 [main] INFO  api.test.UserTest - ************* User is Created *****************
]]></system-out>
    <system-err><![CDATA[SLF4J(W): No SLF4J providers were found.
SLF4J(W): Defaulting to no-operation (NOP) logger implementation
SLF4J(W): See https://www.slf4j.org/codes.html#noProviders for further details.
]]></system-err>
  </testcase>
  <testcase name="testGetUser" classname="api.test.UserTest" time="1.247">
    <system-out><![CDATA[00:44:05.299 [main] INFO  api.test.UserTest - ************* Get User *****************
HTTP/1.1 200 OK
Date: Sun, 17 May 2026 19:14:06 GMT
Content-Type: application/json
Transfer-Encoding: chunked
Connection: keep-alive
Access-Control-Allow-Origin: *
Access-Control-Allow-Methods: GET, POST, DELETE, PUT
Access-Control-Allow-Headers: Content-Type, api_key, Authorization
Server: Jetty(9.2.9.v20150224)

{
    "id": 1002041276,
    "username": "Twila Herman",
    "firstName": "Noelle",
    "lastName": "Wolff",
    "email": "abe.white@example.com",
    "password": "3jlfsk",
    "phone": "1-978-632-3492",
    "userStatus": 0
}
00:44:06.546 [main] INFO  api.test.UserTest - ************* User is displayed *****************
]]></system-out>
  </testcase>
  <testcase name="testUpdateUser" classname="api.test.UserTest" time="2.394">
    <system-out><![CDATA[00:44:06.547 [main] INFO  api.test.UserTest - ************* Update User *****************
{
    "code": 200,
    "type": "unknown",
    "message": "1002041276"
}
00:44:07.726 [main] INFO  api.test.UserTest - ************* User is updated *****************
00:44:07.726 [main] INFO  api.test.UserTest - ************* Get User after update *****************
HTTP/1.1 200 OK
Date: Sun, 17 May 2026 19:14:08 GMT
Content-Type: application/json
Transfer-Encoding: chunked
Connection: keep-alive
Access-Control-Allow-Origin: *
Access-Control-Allow-Methods: GET, POST, DELETE, PUT
Access-Control-Allow-Headers: Content-Type, api_key, Authorization
Server: Jetty(9.2.9.v20150224)

{
    "id": 1002041276,
    "username": "Twila Herman",
    "firstName": "Fleta",
    "lastName": "Rolfson",
    "email": "willard.hickle@example.com",
    "password": "3jlfsk",
    "phone": "1-978-632-3492",
    "userStatus": 0
}
00:44:08.934 [main] INFO  api.test.UserTest - ************* User is displayed after update *****************
]]></system-out>
  </testcase>
  <testcase name="testDeleteUser" classname="api.test.UserTest" time="1.241">
    <system-out><![CDATA[00:44:08.935 [main] INFO  api.test.UserTest - ************* Delete User *****************
{
    "code": 200,
    "type": "unknown",
    "message": "Twila Herman"
}
00:44:10.178 [main] INFO  api.test.UserTest - ************* User Deleted successfully *****************
]]></system-out>
  </testcase>
  <testcase name="testCreateStore" classname="api.test.StoreTest" time="1.121">
    <system-out><![CDATA[00:44:10.183 [main] INFO  api.test.StoreTest - ************* Creating Store *****************
00:44:11.305 [main] INFO  api.test.StoreTest - ************* Store is created successfully *****************
]]></system-out>
  </testcase>
  <testcase name="testGetStore" classname="api.test.StoreTest" time="1.19">
    <system-out><![CDATA[00:44:11.306 [main] INFO  api.test.StoreTest - ************* Display Store *****************
HTTP/1.1 200 OK
Date: Sun, 17 May 2026 19:14:12 GMT
Content-Type: application/json
Transfer-Encoding: chunked
Connection: keep-alive
Access-Control-Allow-Origin: *
Access-Control-Allow-Methods: GET, POST, DELETE, PUT
Access-Control-Allow-Headers: Content-Type, api_key, Authorization
Server: Jetty(9.2.9.v20150224)

{
    "id": 571903,
    "petId": 4501545,
    "quantity": 2,
    "shipDate": "2026-05-17T19:14:10.182+0000",
    "status": "placed",
    "complete": true
}
00:44:12.493 [main] INFO  api.test.StoreTest - ************* Store is displayed *****************
]]></system-out>
  </testcase>
  <testcase name="testDeleteStore" classname="api.test.StoreTest" time="1.267">
    <system-out><![CDATA[00:44:12.495 [main] INFO  api.test.StoreTest - ************* Delete Store *****************
{
    "id": 571903,
    "petId": 4501545,
    "quantity": 2,
    "shipDate": "2026-05-17T19:14:10.182+0000",
    "status": "placed",
    "complete": true
}
00:44:13.761 [main] INFO  api.test.StoreTest - ************* Store is deleted*****************
]]></system-out>
  </testcase>
  <testcase name="testCreatePet" classname="api.test.PetTest" time="1.244">
    <system-out><![CDATA[00:44:13.769 [main] INFO  api.test.PetTest - ************* Creating Pet *****************
HTTP/1.1 200 OK
Date: Sun, 17 May 2026 19:14:15 GMT
Content-Type: application/json
Transfer-Encoding: chunked
Connection: keep-alive
Access-Control-Allow-Origin: *
Access-Control-Allow-Methods: GET, POST, DELETE, PUT
Access-Control-Allow-Headers: Content-Type, api_key, Authorization
Server: Jetty(9.2.9.v20150224)

{
    "id": 5001,
    "category": {
        "id": 1,
        "name": "Dogs"
    },
    "name": "Tommy",
    "photoUrls": [
        "photo1.jpg"
    ],
    "tags": [
        {
            "id": 101,
            "name": "Bulldog"
        }
    ],
    "status": "available"
}
00:44:15.008 [main] INFO  api.test.PetTest - ************* Pet is created successfully *****************
]]></system-out>
  </testcase>
  <testcase name="testGetPet" classname="api.test.PetTest" time="1.17">
    <system-out><![CDATA[00:44:15.010 [main] INFO  api.test.PetTest - ************* Display Pet *****************
{
    "id": 5001,
    "category": {
        "id": 1,
        "name": "Dogs"
    },
    "name": "Tommy",
    "photoUrls": [
        "photo1.jpg"
    ],
    "tags": [
        {
            "id": 101,
            "name": "Bulldog"
        }
    ],
    "status": "available"
}
00:44:16.178 [main] INFO  api.test.PetTest - ************* Pet is displayed *****************
]]></system-out>
  </testcase>
  <testcase name="testUpdatePet" classname="api.test.PetTest" time="2.719">
    <system-out><![CDATA[00:44:16.179 [main] INFO  api.test.PetTest - ************* Update Pet *****************
{
    "id": 5001,
    "category": {
        "id": 0,
        "name": "Cats"
    },
    "name": "Rocky",
    "photoUrls": [
        "photo1.jpg"
    ],
    "tags": [
        {
            "id": 0,
            "name": "Persian"
        }
    ],
    "status": "sold"
}
00:44:17.407 [main] INFO  api.test.PetTest - ************* Pet is updated *****************
00:44:17.407 [main] INFO  api.test.PetTest - ************* Get Pet after update *****************
{
    "id": 5001,
    "category": {
        "id": 0,
        "name": "Cats"
    },
    "name": "Rocky",
    "photoUrls": [
        "photo1.jpg"
    ],
    "tags": [
        {
            "id": 0,
            "name": "Persian"
        }
    ],
    "status": "sold"
}
00:44:18.902 [main] INFO  api.test.PetTest - ************* Pet is displayed after updated *****************
]]></system-out>
  </testcase>
  <testcase name="testDeletePet" classname="api.test.PetTest" time="1.168">
    <system-out><![CDATA[00:44:18.904 [main] INFO  api.test.PetTest - ************* Delete Pet *****************
{
    "code": 200,
    "type": "unknown",
    "message": "5001"
}
00:44:20.069 [main] INFO  api.test.PetTest - ************* Pet is deleted *****************
]]></system-out>
  </testcase>
</testsuite>