<?xml version="1.0" encoding="UTF-8"?>
<testsuite xmlns:xsi="http://www.w3.org/2001/XMLSchema-instance" xsi:noNamespaceSchemaLocation="https://maven.apache.org/surefire/maven-surefire-plugin/xsd/surefire-test-report.xsd" version="3.0.2" name="api.test.UserTest" time="9.593" tests="4" errors="0" skipped="0" failures="0">
  <properties>
[...]
</properties>
  <testcase name="testPostUser" classname="api.test.UserTest" time="3.044">
    <system-err><![CDATA[SLF4J(W): No SLF4J providers were found.
SLF4J(W): Defaulting to no-operation (NOP) logger implementation
SLF4J(W): See https://www.slf4j.org/codes.html#noProviders for further details.
]]></system-err>
  </testcase>
  <testcase name="testGetUser" classname="api.test.UserTest" time="1.401">
    <system-out><![CDATA[HTTP/1.1 200 OK
Date: Sun, 17 May 2026 07:51:25 GMT
Content-Type: application/json
Transfer-Encoding: chunked
Connection: keep-alive
Access-Control-Allow-Origin: *
Access-Control-Allow-Methods: GET, POST, DELETE, PUT
Access-Control-Allow-Headers: Content-Type, api_key, Authorization
Server: Jetty(9.2.9.v20150224)

{
    "id": 961409111,
    "username": "Tristan Jacobi DDS",
    "firstName": "Waldo",
    "lastName": "Larson",
    "email": "debbi.crona@example.com",
    "password": "a736yv2",
    "phone": "1-179-480-5390",
    "userStatus": 0
}
]]></system-out>
  </testcase>
  <testcase name="testUpdateUser" classname="api.test.UserTest" time="2.855">
    <system-out><![CDATA[{
    "code": 200,
    "type": "unknown",
    "message": "961409111"
}
HTTP/1.1 200 OK
Date: Sun, 17 May 2026 07:51:28 GMT
Content-Type: application/json
Transfer-Encoding: chunked
Connection: keep-alive
Access-Control-Allow-Origin: *
Access-Control-Allow-Methods: GET, POST, DELETE, PUT
Access-Control-Allow-Headers: Content-Type, api_key, Authorization
Server: Jetty(9.2.9.v20150224)

{
    "id": 961409111,
    "username": "Tristan Jacobi DDS",
    "firstName": "Amanda",
    "lastName": "Becker",
    "email": "milford.anderson@example.com",
    "password": "a736yv2",
    "phone": "1-179-480-5390",
    "userStatus": 0
}
]]></system-out>
  </testcase>
  <testcase name="testDeleteUser" classname="api.test.UserTest" time="1.297">
    <system-out><![CDATA[{
    "code": 200,
    "type": "unknown",
    "message": "Tristan Jacobi DDS"
}
]]></system-out>
  </testcase>
</testsuite>