<?xml version="1.0" encoding="UTF-8"?>
<testng-results ignored="0" total="11" passed="11" failed="0" skipped="0">
  <reporter-output>
  </reporter-output>
  <suite started-at="2026-05-18T00:44:01 IST" name="Suite" finished-at="2026-05-18T00:44:20 IST" duration-ms="18133">
    <groups>
    </groups>
    <test started-at="2026-05-18T00:44:01 IST" name="Test" finished-at="2026-05-18T00:44:20 IST" duration-ms="18133">
      <class name="api.test.PetTest">
        <test-method is-config="true" signature="setUpData()[pri:0, instance:api.test.PetTest@85e6769]" started-at="2026-05-18T00:44:13 IST" name="setUpData" finished-at="2026-05-18T00:44:13 IST" duration-ms="5" status="PASS">
          <reporter-output>
          </reporter-output>
        </test-method> <!-- setUpData -->
        <test-method signature="testCreatePet()[pri:1, instance:api.test.PetTest@85e6769]" started-at="2026-05-18T00:44:13 IST" name="testCreatePet" finished-at="2026-05-18T00:44:15 IST" duration-ms="1240" status="PASS">
          <reporter-output>
          </reporter-output>
        </test-method> <!-- testCreatePet -->
        <test-method signature="testGetPet()[pri:2, instance:api.test.PetTest@85e6769]" started-at="2026-05-18T00:44:15 IST" name="testGetPet" finished-at="2026-05-18T00:44:16 IST" duration-ms="1168" status="PASS">
          <reporter-output>
          </reporter-output>
        </test-method> <!-- testGetPet -->
        <test-method signature="testUpdatePet()[pri:3, instance:api.test.PetTest@85e6769]" started-at="2026-05-18T00:44:16 IST" name="testUpdatePet" finished-at="2026-05-18T00:44:18 IST" duration-ms="2723" status="PASS">
          <reporter-output>
          </reporter-output>
        </test-method> <!-- testUpdatePet -->
        <test-method signature="testDeletePet()[pri:4, instance:api.test.PetTest@85e6769]" started-at="2026-05-18T00:44:18 IST" name="testDeletePet" finished-at="2026-05-18T00:44:20 IST" duration-ms="1167" status="PASS">
          <reporter-output>
          </reporter-output>
        </test-method> <!-- testDeletePet -->
      </class> <!-- api.test.PetTest -->
      <class name="api.test.UserTest">
        <test-method is-config="true" signature="setUpData()[pri:0, instance:api.test.UserTest@5286c33a]" started-at="2026-05-18T00:44:02 IST" name="setUpData" finished-at="2026-05-18T00:44:02 IST" duration-ms="152" status="PASS">
          <reporter-output>
          </reporter-output>
        </test-method> <!-- setUpData -->
        <test-method signature="testPostUser()[pri:1, instance:api.test.UserTest@5286c33a]" started-at="2026-05-18T00:44:02 IST" name="testPostUser" finished-at="2026-05-18T00:44:05 IST" duration-ms="3050" status="PASS">
          <reporter-output>
          </reporter-output>
        </test-method> <!-- testPostUser -->
        <test-method signature="testGetUser()[pri:2, instance:api.test.UserTest@5286c33a]" started-at="2026-05-18T00:44:05 IST" name="testGetUser" finished-at="2026-05-18T00:44:06 IST" duration-ms="1248" status="PASS">
          <reporter-output>
          </reporter-output>
        </test-method> <!-- testGetUser -->
        <test-method signature="testUpdateUser()[pri:3, instance:api.test.UserTest@5286c33a]" started-at="2026-05-18T00:44:06 IST" name="testUpdateUser" finished-at="2026-05-18T00:44:08 IST" duration-ms="2387" status="PASS">
          <reporter-output>
          </reporter-output>
        </test-method> <!-- testUpdateUser -->
        <test-method signature="testDeleteUser()[pri:4, instance:api.test.UserTest@5286c33a]" started-at="2026-05-18T00:44:08 IST" name="testDeleteUser" finished-at="2026-05-18T00:44:10 IST" duration-ms="1243" status="PASS">
          <reporter-output>
          </reporter-output>
        </test-method> <!-- testDeleteUser -->
      </class> <!-- api.test.UserTest -->
      <class name="api.test.StoreTest">
        <test-method is-config="true" signature="setUpData()[pri:0, instance:api.test.StoreTest@6c25e6c4]" started-at="2026-05-18T00:44:10 IST" name="setUpData" finished-at="2026-05-18T00:44:10 IST" duration-ms="2" status="PASS">
          <reporter-output>
          </reporter-output>
        </test-method> <!-- setUpData -->
        <test-method signature="testCreateStore()[pri:1, instance:api.test.StoreTest@6c25e6c4]" started-at="2026-05-18T00:44:10 IST" name="testCreateStore" finished-at="2026-05-18T00:44:11 IST" duration-ms="1123" status="PASS">
          <reporter-output>
          </reporter-output>
        </test-method> <!-- testCreateStore -->
        <test-method signature="testGetStore()[pri:2, instance:api.test.StoreTest@6c25e6c4]" started-at="2026-05-18T00:44:11 IST" name="testGetStore" finished-at="2026-05-18T00:44:12 IST" duration-ms="1187" status="PASS">
          <reporter-output>
          </reporter-output>
        </test-method> <!-- testGetStore -->
        <test-method signature="testDeleteStore()[pri:3, instance:api.test.StoreTest@6c25e6c4]" started-at="2026-05-18T00:44:12 IST" name="testDeleteStore" finished-at="2026-05-18T00:44:13 IST" duration-ms="1267" status="PASS">
          <reporter-output>
          </reporter-output>
        </test-method> <!-- testDeleteStore -->
      </class> <!-- api.test.StoreTest -->
    </test> <!-- Test -->
  </suite> <!-- Suite -->
</testng-results>
