<?xml version="1.0" encoding="UTF-8"?>
<!-- Generated by org.testng.reporters.JUnitReportReporter -->
<testsuite hostname="Sonoo" failures="0" tests="4" name="api.test.UserTest" time="7.775" errors="0" timestamp="2026-05-18T00:18:54 IST" skipped="0">
  <testcase classname="api.test.UserTest" name="testPostUser" time="3.002"/>
  <testcase classname="api.test.UserTest" name="testGetUser" time="1.264"/>
  <testcase classname="api.test.UserTest" name="testUpdateUser" time="2.373"/>
  <testcase classname="api.test.UserTest" name="testDeleteUser" time="1.136"/>
</testsuite> <!-- api.test.UserTest -->
