<?xml version="1.0" encoding="UTF-8"?>
<!-- Generated by org.testng.reporters.JUnitReportReporter -->
<testsuite hostname="Sonoo" failures="0" tests="4" name="api.test.PetTest" time="7.011" errors="0" timestamp="2026-05-18T00:18:54 IST" skipped="0">
  <testcase classname="api.test.PetTest" name="testCreatePet" time="1.176"/>
  <testcase classname="api.test.PetTest" name="testGetPet" time="1.824"/>
  <testcase classname="api.test.PetTest" name="testUpdatePet" time="2.766"/>
  <testcase classname="api.test.PetTest" name="testDeletePet" time="1.245"/>
</testsuite> <!-- api.test.PetTest -->
