<?xml version="1.0" encoding="UTF-8"?>
<!-- Generated by org.testng.reporters.JUnitReportReporter -->
<testsuite hostname="Sonoo" failures="0" tests="3" name="api.test.StoreTest" time="3.540" errors="0" timestamp="2026-05-18T00:18:54 IST" skipped="0">
  <testcase classname="api.test.StoreTest" name="testCreateStore" time="1.128"/>
  <testcase classname="api.test.StoreTest" name="testGetStore" time="1.193"/>
  <testcase classname="api.test.StoreTest" name="testDeleteStore" time="1.219"/>
</testsuite> <!-- api.test.StoreTest -->
