<?xml version="1.0" encoding="UTF-8"?>
<!-- Generated by org.testng.reporters.JUnitReportReporter -->
<testsuite hostname="Sonoo" failures="0" tests="3" name="api.test.StoreTest" time="3.577" errors="0" timestamp="2026-05-18T00:44:20 IST" skipped="0">
  <testcase classname="api.test.StoreTest" name="testCreateStore" time="1.123"/>
  <testcase classname="api.test.StoreTest" name="testGetStore" time="1.187"/>
  <testcase classname="api.test.StoreTest" name="testDeleteStore" time="1.267"/>
</testsuite> <!-- api.test.StoreTest -->
