<?xml version="1.0" encoding="UTF-8"?>
<!-- Generated by org.testng.reporters.JUnitReportReporter -->
<testsuite hostname="Sonoo" failures="0" tests="4" name="api.test.UserTest" time="7.928" errors="0" timestamp="2026-05-18T00:44:20 IST" skipped="0">
  <testcase classname="api.test.UserTest" name="testPostUser" time="3.050"/>
  <testcase classname="api.test.UserTest" name="testGetUser" time="1.248"/>
  <testcase classname="api.test.UserTest" name="testUpdateUser" time="2.387"/>
  <testcase classname="api.test.UserTest" name="testDeleteUser" time="1.243"/>
</testsuite> <!-- api.test.UserTest -->
